<?xml version="1.0" encoding="UTF-8"?>
<!-- Generated by org.testng.reporters.JUnitReportReporter -->
<testsuite skipped="0" hostname="DESKTOP-UFKOMNK" name="com.webautomation.testcases.TC_OrderTshirt_002" tests="2" failures="0" timestamp="13 Aug 2019 06:04:31 GMT" time="102.073" errors="0">
  <testcase name="LoginTest" time="22.363" classname="com.webautomation.testcases.TC_OrderTshirt_002"/>
  <testcase name="OrderTshirtTest" time="79.710" classname="com.webautomation.testcases.TC_OrderTshirt_002"/>
</testsuite> <!-- com.webautomation.testcases.TC_OrderTshirt_002 -->
