<?xml version="1.0" encoding="UTF-8"?>
<!-- Generated by org.testng.reporters.JUnitReportReporter -->
<testsuite skipped="0" hostname="DESKTOP-UFKOMNK" name="com.webautomation.testcases.TC_LoginTest_001" tests="2" failures="0" timestamp="07 Aug 2019 10:41:21 GMT" time="36.248" errors="0">
  <testcase name="LoginpagetitleTest" time="13.635" classname="com.webautomation.testcases.TC_LoginTest_001"/>
  <testcase name="LoginTest" time="22.613" classname="com.webautomation.testcases.TC_LoginTest_001"/>
</testsuite> <!-- com.webautomation.testcases.TC_LoginTest_001 -->
